<?xml version="1.0" encoding="UTF-8"?>
<!-- Generated by org.testng.reporters.JUnitReportReporter -->
<testsuite hostname="DESKTOP-IQAQ9TA" failures="0" tests="1" name="driverFactory.AppTest" time="44.158" errors="0" timestamp="2024-12-02T11:01:23 IST" skipped="0">
  <testcase classname="driverFactory.AppTest" name="kickStart" time="44.158"/>
</testsuite> <!-- driverFactory.AppTest -->
